mode: set
github.com/educabot/alizia-inclusion-be/src/entrypoints/auth.go:19.44,26.2 1 1
github.com/educabot/alizia-inclusion-be/src/entrypoints/auth.go:28.50,30.23 2 1
github.com/educabot/alizia-inclusion-be/src/entrypoints/auth.go:30.23,32.3 1 1
github.com/educabot/alizia-inclusion-be/src/entrypoints/auth.go:33.2,33.12 1 1
github.com/educabot/alizia-inclusion-be/src/entrypoints/auth.go:36.67,41.16 2 1
github.com/educabot/alizia-inclusion-be/src/entrypoints/auth.go:41.16,43.3 1 1
github.com/educabot/alizia-inclusion-be/src/entrypoints/auth.go:44.2,44.31 1 1
github.com/educabot/alizia-inclusion-be/src/entrypoints/catalog_devices.go:43.50,61.19 2 1
github.com/educabot/alizia-inclusion-be/src/entrypoints/catalog_devices.go:61.19,63.3 1 0
github.com/educabot/alizia-inclusion-be/src/entrypoints/catalog_devices.go:64.2,64.32 1 1
github.com/educabot/alizia-inclusion-be/src/entrypoints/catalog_devices.go:64.32,72.3 1 1
github.com/educabot/alizia-inclusion-be/src/entrypoints/catalog_devices.go:73.2,73.13 1 1
github.com/educabot/alizia-inclusion-be/src/entrypoints/catalog_devices.go:76.56,78.20 2 1
github.com/educabot/alizia-inclusion-be/src/entrypoints/catalog_devices.go:78.20,80.3 1 1
github.com/educabot/alizia-inclusion-be/src/entrypoints/catalog_devices.go:81.2,81.12 1 1
github.com/educabot/alizia-inclusion-be/src/entrypoints/catalog_devices.go:84.76,86.40 2 1
github.com/educabot/alizia-inclusion-be/src/entrypoints/catalog_devices.go:86.40,88.17 2 1
github.com/educabot/alizia-inclusion-be/src/entrypoints/catalog_devices.go:88.17,90.4 1 1
github.com/educabot/alizia-inclusion-be/src/entrypoints/catalog_devices.go:91.3,91.15 1 1
github.com/educabot/alizia-inclusion-be/src/entrypoints/catalog_devices.go:94.2,98.16 2 1
github.com/educabot/alizia-inclusion-be/src/entrypoints/catalog_devices.go:98.16,100.3 1 0
github.com/educabot/alizia-inclusion-be/src/entrypoints/catalog_devices.go:101.2,101.35 1 1
github.com/educabot/alizia-inclusion-be/src/entrypoints/catalog_devices.go:104.74,106.16 2 1
github.com/educabot/alizia-inclusion-be/src/entrypoints/catalog_devices.go:106.16,108.3 1 0
github.com/educabot/alizia-inclusion-be/src/entrypoints/catalog_devices.go:110.2,114.16 2 1
github.com/educabot/alizia-inclusion-be/src/entrypoints/catalog_devices.go:114.16,116.3 1 0
github.com/educabot/alizia-inclusion-be/src/entrypoints/catalog_devices.go:117.2,117.35 1 1
github.com/educabot/alizia-inclusion-be/src/entrypoints/catalog_ramps.go:24.44,34.2 1 1
github.com/educabot/alizia-inclusion-be/src/entrypoints/catalog_ramps.go:36.50,38.20 2 1
github.com/educabot/alizia-inclusion-be/src/entrypoints/catalog_ramps.go:38.20,40.3 1 1
github.com/educabot/alizia-inclusion-be/src/entrypoints/catalog_ramps.go:41.2,41.12 1 1
github.com/educabot/alizia-inclusion-be/src/entrypoints/catalog_ramps.go:44.74,48.16 2 1
github.com/educabot/alizia-inclusion-be/src/entrypoints/catalog_ramps.go:48.16,50.3 1 1
github.com/educabot/alizia-inclusion-be/src/entrypoints/catalog_ramps.go:51.2,51.33 1 1
github.com/educabot/alizia-inclusion-be/src/entrypoints/catalog_ramps.go:54.72,56.16 2 1
github.com/educabot/alizia-inclusion-be/src/entrypoints/catalog_ramps.go:56.16,58.3 1 1
github.com/educabot/alizia-inclusion-be/src/entrypoints/catalog_ramps.go:60.2,64.16 2 1
github.com/educabot/alizia-inclusion-be/src/entrypoints/catalog_ramps.go:64.16,66.3 1 0
github.com/educabot/alizia-inclusion-be/src/entrypoints/catalog_ramps.go:67.2,67.33 1 1
github.com/educabot/alizia-inclusion-be/src/entrypoints/dashboard.go:13.77,17.16 2 1
github.com/educabot/alizia-inclusion-be/src/entrypoints/dashboard.go:17.16,19.3 1 1
github.com/educabot/alizia-inclusion-be/src/entrypoints/dashboard.go:20.2,20.23 1 1
github.com/educabot/alizia-inclusion-be/src/entrypoints/dashboard.go:23.77,25.41 2 0
github.com/educabot/alizia-inclusion-be/src/entrypoints/dashboard.go:25.41,26.53 1 0
github.com/educabot/alizia-inclusion-be/src/entrypoints/dashboard.go:26.53,28.4 1 0
github.com/educabot/alizia-inclusion-be/src/entrypoints/dashboard.go:31.2,35.16 2 0
github.com/educabot/alizia-inclusion-be/src/entrypoints/dashboard.go:35.16,37.3 1 0
github.com/educabot/alizia-inclusion-be/src/entrypoints/dashboard.go:38.2,38.23 1 0
github.com/educabot/alizia-inclusion-be/src/entrypoints/inclusion_adaptations.go:41.62,63.22 2 0
github.com/educabot/alizia-inclusion-be/src/entrypoints/inclusion_adaptations.go:63.22,65.3 1 0
github.com/educabot/alizia-inclusion-be/src/entrypoints/inclusion_adaptations.go:66.2,66.22 1 0
github.com/educabot/alizia-inclusion-be/src/entrypoints/inclusion_adaptations.go:66.22,68.3 1 0
github.com/educabot/alizia-inclusion-be/src/entrypoints/inclusion_adaptations.go:69.2,69.21 1 0
github.com/educabot/alizia-inclusion-be/src/entrypoints/inclusion_adaptations.go:69.21,71.3 1 0
github.com/educabot/alizia-inclusion-be/src/entrypoints/inclusion_adaptations.go:72.2,72.27 1 0
github.com/educabot/alizia-inclusion-be/src/entrypoints/inclusion_adaptations.go:72.27,76.3 3 0
github.com/educabot/alizia-inclusion-be/src/entrypoints/inclusion_adaptations.go:77.2,77.13 1 0
github.com/educabot/alizia-inclusion-be/src/entrypoints/inclusion_adaptations.go:80.68,82.20 2 0
github.com/educabot/alizia-inclusion-be/src/entrypoints/inclusion_adaptations.go:82.20,84.3 1 0
github.com/educabot/alizia-inclusion-be/src/entrypoints/inclusion_adaptations.go:85.2,85.12 1 0
github.com/educabot/alizia-inclusion-be/src/entrypoints/inclusion_adaptations.go:117.82,119.43 2 0
github.com/educabot/alizia-inclusion-be/src/entrypoints/inclusion_adaptations.go:119.43,121.17 2 0
github.com/educabot/alizia-inclusion-be/src/entrypoints/inclusion_adaptations.go:121.17,123.4 1 0
github.com/educabot/alizia-inclusion-be/src/entrypoints/inclusion_adaptations.go:124.3,124.18 1 0
github.com/educabot/alizia-inclusion-be/src/entrypoints/inclusion_adaptations.go:127.2,128.42 2 0
github.com/educabot/alizia-inclusion-be/src/entrypoints/inclusion_adaptations.go:128.42,130.17 2 0
github.com/educabot/alizia-inclusion-be/src/entrypoints/inclusion_adaptations.go:130.17,132.4 1 0
github.com/educabot/alizia-inclusion-be/src/entrypoints/inclusion_adaptations.go:133.3,133.17 1 0
github.com/educabot/alizia-inclusion-be/src/entrypoints/inclusion_adaptations.go:137.2,138.32 2 0
github.com/educabot/alizia-inclusion-be/src/entrypoints/inclusion_adaptations.go:138.32,141.3 2 0
github.com/educabot/alizia-inclusion-be/src/entrypoints/inclusion_adaptations.go:143.2,150.16 2 0
github.com/educabot/alizia-inclusion-be/src/entrypoints/inclusion_adaptations.go:150.16,152.3 1 0
github.com/educabot/alizia-inclusion-be/src/entrypoints/inclusion_adaptations.go:153.2,153.39 1 0
github.com/educabot/alizia-inclusion-be/src/entrypoints/inclusion_adaptations.go:156.80,158.16 2 0
github.com/educabot/alizia-inclusion-be/src/entrypoints/inclusion_adaptations.go:158.16,160.3 1 0
github.com/educabot/alizia-inclusion-be/src/entrypoints/inclusion_adaptations.go:162.2,166.16 2 0
github.com/educabot/alizia-inclusion-be/src/entrypoints/inclusion_adaptations.go:166.16,168.3 1 0
github.com/educabot/alizia-inclusion-be/src/entrypoints/inclusion_adaptations.go:169.2,169.39 1 0
github.com/educabot/alizia-inclusion-be/src/entrypoints/inclusion_adaptations.go:172.83,174.44 2 0
github.com/educabot/alizia-inclusion-be/src/entrypoints/inclusion_adaptations.go:174.44,176.3 1 0
github.com/educabot/alizia-inclusion-be/src/entrypoints/inclusion_adaptations.go:178.2,179.23 2 0
github.com/educabot/alizia-inclusion-be/src/entrypoints/inclusion_adaptations.go:179.23,181.3 1 0
github.com/educabot/alizia-inclusion-be/src/entrypoints/inclusion_adaptations.go:183.2,199.16 2 0
github.com/educabot/alizia-inclusion-be/src/entrypoints/inclusion_adaptations.go:199.16,201.3 1 0
github.com/educabot/alizia-inclusion-be/src/entrypoints/inclusion_adaptations.go:202.2,202.79 1 0
github.com/educabot/alizia-inclusion-be/src/entrypoints/inclusion_adaptations.go:205.83,207.16 2 0
github.com/educabot/alizia-inclusion-be/src/entrypoints/inclusion_adaptations.go:207.16,209.3 1 0
github.com/educabot/alizia-inclusion-be/src/entrypoints/inclusion_adaptations.go:211.2,212.44 2 0
github.com/educabot/alizia-inclusion-be/src/entrypoints/inclusion_adaptations.go:212.44,214.3 1 0
github.com/educabot/alizia-inclusion-be/src/entrypoints/inclusion_adaptations.go:216.2,230.16 2 0
github.com/educabot/alizia-inclusion-be/src/entrypoints/inclusion_adaptations.go:230.16,232.3 1 0
github.com/educabot/alizia-inclusion-be/src/entrypoints/inclusion_adaptations.go:233.2,233.39 1 0
github.com/educabot/alizia-inclusion-be/src/entrypoints/inclusion_adaptations.go:236.83,238.16 2 0
github.com/educabot/alizia-inclusion-be/src/entrypoints/inclusion_adaptations.go:238.16,240.3 1 0
github.com/educabot/alizia-inclusion-be/src/entrypoints/inclusion_adaptations.go:242.2,245.17 1 0
github.com/educabot/alizia-inclusion-be/src/entrypoints/inclusion_adaptations.go:245.17,247.3 1 0
github.com/educabot/alizia-inclusion-be/src/entrypoints/inclusion_adaptations.go:248.2,248.51 1 0
github.com/educabot/alizia-inclusion-be/src/entrypoints/inclusion_ai.go:32.82,34.44 2 0
github.com/educabot/alizia-inclusion-be/src/entrypoints/inclusion_ai.go:34.44,36.3 1 0
github.com/educabot/alizia-inclusion-be/src/entrypoints/inclusion_ai.go:38.2,50.16 2 0
github.com/educabot/alizia-inclusion-be/src/entrypoints/inclusion_ai.go:50.16,52.3 1 0
github.com/educabot/alizia-inclusion-be/src/entrypoints/inclusion_ai.go:53.2,53.23 1 0
github.com/educabot/alizia-inclusion-be/src/entrypoints/inclusion_ai.go:56.82,58.44 2 0
github.com/educabot/alizia-inclusion-be/src/entrypoints/inclusion_ai.go:58.44,60.3 1 0
github.com/educabot/alizia-inclusion-be/src/entrypoints/inclusion_ai.go:62.2,72.16 2 0
github.com/educabot/alizia-inclusion-be/src/entrypoints/inclusion_ai.go:72.16,74.3 1 0
github.com/educabot/alizia-inclusion-be/src/entrypoints/inclusion_ai.go:75.2,75.23 1 0
github.com/educabot/alizia-inclusion-be/src/entrypoints/inclusion_chat.go:27.68,29.31 2 0
github.com/educabot/alizia-inclusion-be/src/entrypoints/inclusion_chat.go:29.31,35.3 1 0
github.com/educabot/alizia-inclusion-be/src/entrypoints/inclusion_chat.go:36.2,41.3 1 0
github.com/educabot/alizia-inclusion-be/src/entrypoints/inclusion_chat.go:44.74,46.20 2 0
github.com/educabot/alizia-inclusion-be/src/entrypoints/inclusion_chat.go:46.20,48.3 1 0
github.com/educabot/alizia-inclusion-be/src/entrypoints/inclusion_chat.go:49.2,49.12 1 0
github.com/educabot/alizia-inclusion-be/src/entrypoints/inclusion_chat.go:52.81,60.16 3 0
github.com/educabot/alizia-inclusion-be/src/entrypoints/inclusion_chat.go:60.16,62.3 1 0
github.com/educabot/alizia-inclusion-be/src/entrypoints/inclusion_chat.go:63.2,63.41 1 0
github.com/educabot/alizia-inclusion-be/src/entrypoints/inclusion_close.go:18.79,20.44 2 0
github.com/educabot/alizia-inclusion-be/src/entrypoints/inclusion_close.go:20.44,22.3 1 0
github.com/educabot/alizia-inclusion-be/src/entrypoints/inclusion_close.go:24.2,29.16 2 0
github.com/educabot/alizia-inclusion-be/src/entrypoints/inclusion_close.go:29.16,31.3 1 0
github.com/educabot/alizia-inclusion-be/src/entrypoints/inclusion_close.go:32.2,32.23 1 0
github.com/educabot/alizia-inclusion-be/src/entrypoints/inclusion_context.go:21.79,23.44 2 0
github.com/educabot/alizia-inclusion-be/src/entrypoints/inclusion_context.go:23.44,25.3 1 0
github.com/educabot/alizia-inclusion-be/src/entrypoints/inclusion_context.go:27.2,34.16 2 0
github.com/educabot/alizia-inclusion-be/src/entrypoints/inclusion_context.go:34.16,36.3 1 0
github.com/educabot/alizia-inclusion-be/src/entrypoints/inclusion_context.go:37.2,37.23 1 0
github.com/educabot/alizia-inclusion-be/src/entrypoints/inclusion_open.go:21.78,23.44 2 0
github.com/educabot/alizia-inclusion-be/src/entrypoints/inclusion_open.go:23.44,25.3 1 0
github.com/educabot/alizia-inclusion-be/src/entrypoints/inclusion_open.go:27.2,35.16 2 0
github.com/educabot/alizia-inclusion-be/src/entrypoints/inclusion_open.go:35.16,37.3 1 0
github.com/educabot/alizia-inclusion-be/src/entrypoints/inclusion_open.go:38.2,38.23 1 0
github.com/educabot/alizia-inclusion-be/src/entrypoints/inclusion_profiles.go:32.75,39.22 2 0
github.com/educabot/alizia-inclusion-be/src/entrypoints/inclusion_profiles.go:39.22,50.3 3 0
github.com/educabot/alizia-inclusion-be/src/entrypoints/inclusion_profiles.go:51.2,51.13 1 0
github.com/educabot/alizia-inclusion-be/src/entrypoints/inclusion_profiles.go:54.82,56.20 2 0
github.com/educabot/alizia-inclusion-be/src/entrypoints/inclusion_profiles.go:56.20,58.3 1 0
github.com/educabot/alizia-inclusion-be/src/entrypoints/inclusion_profiles.go:59.2,59.12 1 0
github.com/educabot/alizia-inclusion-be/src/entrypoints/inclusion_profiles.go:68.84,70.16 2 0
github.com/educabot/alizia-inclusion-be/src/entrypoints/inclusion_profiles.go:70.16,72.3 1 0
github.com/educabot/alizia-inclusion-be/src/entrypoints/inclusion_profiles.go:74.2,78.16 2 0
github.com/educabot/alizia-inclusion-be/src/entrypoints/inclusion_profiles.go:78.16,80.3 1 0
github.com/educabot/alizia-inclusion-be/src/entrypoints/inclusion_profiles.go:81.2,81.47 1 0
github.com/educabot/alizia-inclusion-be/src/entrypoints/inclusion_profiles.go:84.87,86.16 2 0
github.com/educabot/alizia-inclusion-be/src/entrypoints/inclusion_profiles.go:86.16,88.3 1 0
github.com/educabot/alizia-inclusion-be/src/entrypoints/inclusion_profiles.go:90.2,91.44 2 0
github.com/educabot/alizia-inclusion-be/src/entrypoints/inclusion_profiles.go:91.44,93.3 1 0
github.com/educabot/alizia-inclusion-be/src/entrypoints/inclusion_profiles.go:95.2,102.16 2 0
github.com/educabot/alizia-inclusion-be/src/entrypoints/inclusion_profiles.go:102.16,104.3 1 0
github.com/educabot/alizia-inclusion-be/src/entrypoints/inclusion_profiles.go:106.2,110.16 2 0
github.com/educabot/alizia-inclusion-be/src/entrypoints/inclusion_profiles.go:110.16,112.3 1 0
github.com/educabot/alizia-inclusion-be/src/entrypoints/inclusion_profiles.go:113.2,113.48 1 0
github.com/educabot/alizia-inclusion-be/src/entrypoints/inclusion_profiles.go:116.88,118.16 2 0
github.com/educabot/alizia-inclusion-be/src/entrypoints/inclusion_profiles.go:118.16,120.3 1 0
github.com/educabot/alizia-inclusion-be/src/entrypoints/inclusion_profiles.go:122.2,126.16 2 0
github.com/educabot/alizia-inclusion-be/src/entrypoints/inclusion_profiles.go:126.16,128.3 1 0
github.com/educabot/alizia-inclusion-be/src/entrypoints/inclusion_profiles.go:129.2,129.48 1 0
github.com/educabot/alizia-inclusion-be/src/entrypoints/inclusion_resources.go:23.76,32.2 1 0
github.com/educabot/alizia-inclusion-be/src/entrypoints/inclusion_resources.go:34.82,36.23 2 0
github.com/educabot/alizia-inclusion-be/src/entrypoints/inclusion_resources.go:36.23,38.3 1 0
github.com/educabot/alizia-inclusion-be/src/entrypoints/inclusion_resources.go:39.2,39.12 1 0
github.com/educabot/alizia-inclusion-be/src/entrypoints/inclusion_resources.go:42.90,44.16 2 0
github.com/educabot/alizia-inclusion-be/src/entrypoints/inclusion_resources.go:44.16,46.3 1 0
github.com/educabot/alizia-inclusion-be/src/entrypoints/inclusion_resources.go:48.2,51.16 2 0
github.com/educabot/alizia-inclusion-be/src/entrypoints/inclusion_resources.go:51.16,53.3 1 0
github.com/educabot/alizia-inclusion-be/src/entrypoints/inclusion_resources.go:54.2,54.37 1 0
github.com/educabot/alizia-inclusion-be/src/entrypoints/inclusion_search_content.go:19.80,21.44 2 0
github.com/educabot/alizia-inclusion-be/src/entrypoints/inclusion_search_content.go:21.44,23.3 1 0
github.com/educabot/alizia-inclusion-be/src/entrypoints/inclusion_search_content.go:25.2,30.16 2 0
github.com/educabot/alizia-inclusion-be/src/entrypoints/inclusion_search_content.go:30.16,32.3 1 0
github.com/educabot/alizia-inclusion-be/src/entrypoints/inclusion_search_content.go:33.2,33.23 1 0
github.com/educabot/alizia-inclusion-be/src/entrypoints/inclusion_students.go:24.79,26.45 2 0
github.com/educabot/alizia-inclusion-be/src/entrypoints/inclusion_students.go:26.45,28.17 2 0
github.com/educabot/alizia-inclusion-be/src/entrypoints/inclusion_students.go:28.17,30.4 1 0
github.com/educabot/alizia-inclusion-be/src/entrypoints/inclusion_students.go:31.3,31.20 1 0
github.com/educabot/alizia-inclusion-be/src/entrypoints/inclusion_students.go:34.2,38.16 2 0
github.com/educabot/alizia-inclusion-be/src/entrypoints/inclusion_students.go:38.16,40.3 1 0
github.com/educabot/alizia-inclusion-be/src/entrypoints/inclusion_students.go:41.2,41.48 1 0
github.com/educabot/alizia-inclusion-be/src/entrypoints/inclusion_students.go:44.77,46.16 2 0
github.com/educabot/alizia-inclusion-be/src/entrypoints/inclusion_students.go:46.16,48.3 1 0
github.com/educabot/alizia-inclusion-be/src/entrypoints/inclusion_students.go:50.2,54.16 2 0
github.com/educabot/alizia-inclusion-be/src/entrypoints/inclusion_students.go:54.16,56.3 1 0
github.com/educabot/alizia-inclusion-be/src/entrypoints/inclusion_students.go:57.2,57.47 1 0
github.com/educabot/alizia-inclusion-be/src/entrypoints/inclusion_students.go:60.80,62.44 2 0
github.com/educabot/alizia-inclusion-be/src/entrypoints/inclusion_students.go:62.44,64.3 1 0
github.com/educabot/alizia-inclusion-be/src/entrypoints/inclusion_students.go:66.2,71.16 2 0
github.com/educabot/alizia-inclusion-be/src/entrypoints/inclusion_students.go:71.16,73.3 1 0
github.com/educabot/alizia-inclusion-be/src/entrypoints/inclusion_students.go:74.2,74.87 1 0
github.com/educabot/alizia-inclusion-be/src/entrypoints/inclusion_students.go:77.80,79.16 2 0
github.com/educabot/alizia-inclusion-be/src/entrypoints/inclusion_students.go:79.16,81.3 1 0
github.com/educabot/alizia-inclusion-be/src/entrypoints/inclusion_students.go:83.2,84.44 2 0
github.com/educabot/alizia-inclusion-be/src/entrypoints/inclusion_students.go:84.44,86.3 1 0
github.com/educabot/alizia-inclusion-be/src/entrypoints/inclusion_students.go:88.2,94.16 2 0
github.com/educabot/alizia-inclusion-be/src/entrypoints/inclusion_students.go:94.16,96.3 1 0
github.com/educabot/alizia-inclusion-be/src/entrypoints/inclusion_students.go:97.2,97.47 1 0
github.com/educabot/alizia-inclusion-be/src/entrypoints/inclusion_students.go:100.80,102.16 2 0
github.com/educabot/alizia-inclusion-be/src/entrypoints/inclusion_students.go:102.16,104.3 1 0
github.com/educabot/alizia-inclusion-be/src/entrypoints/inclusion_students.go:106.2,109.17 1 0
github.com/educabot/alizia-inclusion-be/src/entrypoints/inclusion_students.go:109.17,111.3 1 0
github.com/educabot/alizia-inclusion-be/src/entrypoints/inclusion_students.go:112.2,112.51 1 0
github.com/educabot/alizia-inclusion-be/src/entrypoints/management_classrooms.go:23.59,31.2 1 1
github.com/educabot/alizia-inclusion-be/src/entrypoints/management_classrooms.go:33.65,35.20 2 1
github.com/educabot/alizia-inclusion-be/src/entrypoints/management_classrooms.go:35.20,37.3 1 1
github.com/educabot/alizia-inclusion-be/src/entrypoints/management_classrooms.go:38.2,38.12 1 1
github.com/educabot/alizia-inclusion-be/src/entrypoints/management_classrooms.go:53.82,57.16 2 1
github.com/educabot/alizia-inclusion-be/src/entrypoints/management_classrooms.go:57.16,59.3 1 0
github.com/educabot/alizia-inclusion-be/src/entrypoints/management_classrooms.go:60.2,60.38 1 1
github.com/educabot/alizia-inclusion-be/src/entrypoints/management_classrooms.go:63.80,65.16 2 1
github.com/educabot/alizia-inclusion-be/src/entrypoints/management_classrooms.go:65.16,67.3 1 0
github.com/educabot/alizia-inclusion-be/src/entrypoints/management_classrooms.go:69.2,73.16 2 1
github.com/educabot/alizia-inclusion-be/src/entrypoints/management_classrooms.go:73.16,75.3 1 1
github.com/educabot/alizia-inclusion-be/src/entrypoints/management_classrooms.go:76.2,76.38 1 1
github.com/educabot/alizia-inclusion-be/src/entrypoints/management_classrooms.go:79.83,81.44 2 1
github.com/educabot/alizia-inclusion-be/src/entrypoints/management_classrooms.go:81.44,83.3 1 0
github.com/educabot/alizia-inclusion-be/src/entrypoints/management_classrooms.go:85.2,91.16 2 1
github.com/educabot/alizia-inclusion-be/src/entrypoints/management_classrooms.go:91.16,93.3 1 0
github.com/educabot/alizia-inclusion-be/src/entrypoints/management_classrooms.go:94.2,94.78 1 1
github.com/educabot/alizia-inclusion-be/src/entrypoints/management_classrooms.go:97.83,99.16 2 0
github.com/educabot/alizia-inclusion-be/src/entrypoints/management_classrooms.go:99.16,101.3 1 0
github.com/educabot/alizia-inclusion-be/src/entrypoints/management_classrooms.go:103.2,104.44 2 0
github.com/educabot/alizia-inclusion-be/src/entrypoints/management_classrooms.go:104.44,106.3 1 0
github.com/educabot/alizia-inclusion-be/src/entrypoints/management_classrooms.go:108.2,115.16 2 0
github.com/educabot/alizia-inclusion-be/src/entrypoints/management_classrooms.go:115.16,117.3 1 0
github.com/educabot/alizia-inclusion-be/src/entrypoints/management_classrooms.go:118.2,118.38 1 0
github.com/educabot/alizia-inclusion-be/src/entrypoints/management_classrooms.go:121.83,123.16 2 1
github.com/educabot/alizia-inclusion-be/src/entrypoints/management_classrooms.go:123.16,125.3 1 0
github.com/educabot/alizia-inclusion-be/src/entrypoints/management_classrooms.go:127.2,130.17 1 1
github.com/educabot/alizia-inclusion-be/src/entrypoints/management_classrooms.go:130.17,132.3 1 0
github.com/educabot/alizia-inclusion-be/src/entrypoints/management_classrooms.go:133.2,133.51 1 1
github.com/educabot/alizia-inclusion-be/src/entrypoints/management_teachers.go:11.80,15.16 2 1
github.com/educabot/alizia-inclusion-be/src/entrypoints/management_teachers.go:15.16,17.3 1 0
github.com/educabot/alizia-inclusion-be/src/entrypoints/management_teachers.go:18.2,18.33 1 1
